26-10-2023 13:58:06 INFO       Initializing System...
26-10-2023 14:01:43 INFO       User signed out.
26-10-2023 14:01:44 INFO       Closing System.
26-10-2023 14:01:50 INFO       Initializing System...
26-10-2023 14:03:00 CRITICAL   Closing System due to unexpected error.<sub-select returns 10 columns - expected 1>
26-10-2023 14:03:28 INFO       Initializing System...
26-10-2023 14:03:32 DEBUG      
    SELECT * FROM passwords
    WHERE creator_id = ? AND password_type = 0;
    	(1,)
26-10-2023 14:06:02 INFO       User signed out.
26-10-2023 14:06:03 INFO       Closing System.
26-10-2023 14:07:22 INFO       Initializing System...
26-10-2023 14:07:27 DEBUG      
    SELECT * FROM passwords
    WHERE creator_id = ? AND password_type = 0;
    	(1,)
26-10-2023 14:07:29 DEBUG      [range(1, 4)]
26-10-2023 14:07:29 ERROR      list indices must be integers or slices, not range
26-10-2023 14:08:16 INFO       Initializing System...
26-10-2023 14:08:21 DEBUG      
    SELECT * FROM passwords
    WHERE creator_id = ? AND password_type = 0;
    	(1,)
26-10-2023 14:08:22 DEBUG      [1, 2, 3]
26-10-2023 14:08:22 ERROR      list index out of range
26-10-2023 14:10:00 INFO       Initializing System...
26-10-2023 14:10:07 DEBUG      
    SELECT * FROM passwords
    WHERE creator_id = ? AND password_type = 0;
    	(1,)
26-10-2023 14:10:15 INFO       User signed out.
26-10-2023 14:10:17 INFO       Closing System.
26-10-2023 14:12:19 INFO       Initializing System...
26-10-2023 14:13:03 INFO       Initializing System...
26-10-2023 14:13:17 INFO       User signed out.
26-10-2023 14:13:18 INFO       Closing System.
26-10-2023 14:31:09 INFO       Initializing System...
26-10-2023 14:31:15 WARNING    Duplicate account creation attempt Tanmay.
26-10-2023 14:31:27 INFO       User signed out.
26-10-2023 14:31:33 DEBUG      
    SELECT passwords.id, passwords.creator_id, passwords.password_type, passwords.site_url, passwords.site_username, passwords.encrypted_password, passwords.notes
    FROM team_members
    INNER JOIN team_passwords ON team_passwords.team_id = team_members.team_id
    INNER JOIN passwords ON team_passwords.password_id = passwords.id
    WHERE team_members.member_id = ?;
    	(2,)
26-10-2023 14:31:38 CRITICAL   Closing System due to unexpected error.<'str' object has no attribute 'decode'>
26-10-2023 14:45:11 INFO       Initializing System...
26-10-2023 14:45:22 DEBUG      
    SELECT passwords.id, passwords.creator_id, passwords.password_type, passwords.site_url, passwords.site_username, passwords.encrypted_password, passwords.notes
    FROM team_members
    INNER JOIN team_passwords ON team_passwords.team_id = team_members.team_id
    INNER JOIN passwords ON team_passwords.password_id = passwords.id
    WHERE team_members.member_id = ?;
    	(2,)
26-10-2023 14:45:25 CRITICAL   Closing System due to unexpected error.<'str' object has no attribute 'decode'>
26-10-2023 14:45:33 INFO       Initializing System...
26-10-2023 14:45:38 DEBUG      
    SELECT * FROM passwords
    WHERE creator_id = ? AND password_type = 0;
    	(2,)
26-10-2023 14:46:17 INFO       User signed out.
26-10-2023 14:46:18 INFO       Closing System.
26-10-2023 14:46:32 INFO       Initializing System...
26-10-2023 14:47:20 INFO       Closing System.
26-10-2023 14:48:30 INFO       Initializing System...
26-10-2023 14:48:37 INFO       User signed out.
26-10-2023 14:48:40 INFO       Closing System.
26-10-2023 14:50:30 INFO       Initializing System...
26-10-2023 14:50:37 DEBUG      
    SELECT passwords.id, passwords.creator_id, passwords.password_type, passwords.site_url, passwords.site_username, passwords.encrypted_password, passwords.notes
    FROM team_members
    INNER JOIN team_passwords ON team_passwords.team_id = team_members.team_id
    INNER JOIN passwords ON team_passwords.password_id = passwords.id
    WHERE team_members.member_id = ?;
    	(2,)
26-10-2023 14:50:40 CRITICAL   Closing System due to unexpected error.<'str' object has no attribute 'decode'>
26-10-2023 14:52:28 INFO       Initializing System...
26-10-2023 14:52:41 CRITICAL   Closing System due to unexpected error.<sub-select returns 10 columns - expected 1>
26-10-2023 14:59:48 INFO       Initializing System...
26-10-2023 14:59:55 CRITICAL   Closing System due to unexpected error.<maximum recursion depth exceeded>
26-10-2023 15:00:37 INFO       Initializing System...
26-10-2023 15:00:45 CRITICAL   Closing System due to unexpected error.<near "team_id": syntax error>
26-10-2023 15:03:32 INFO       Initializing System...
26-10-2023 15:03:41 DEBUG      ('\n    DELETE FROM passwords\n    WHERE passwords.id IN(\n        SELECT passwords.id FROM passwords\n        INNER JOIN team_passwords ON team_passwords.password_id = passwords.id AND team_passwords.team_id = ?\n        WHERE password_type = 1\n    ) AND passwords.creator_id = ?;\n    ', (1, 2))
26-10-2023 15:03:41 CRITICAL   Closing System due to unexpected error.<near "team_id": syntax error>
26-10-2023 15:04:50 INFO       Initializing System...
26-10-2023 15:04:59 DEBUG      1
26-10-2023 15:04:59 DEBUG      2
26-10-2023 15:04:59 DEBUG      3
26-10-2023 15:04:59 CRITICAL   Closing System due to unexpected error.<near "team_id": syntax error>
26-10-2023 15:05:44 INFO       Initializing System...
26-10-2023 15:05:52 CRITICAL   Closing System due to unexpected error.<parameters are of unsupported type>
26-10-2023 15:06:04 INFO       Initializing System...
26-10-2023 15:06:20 INFO       User signed out.
26-10-2023 15:06:20 INFO       Closing System.
26-10-2023 15:13:39 INFO       Initializing System...
26-10-2023 15:14:42 INFO       User signed out.
26-10-2023 15:14:43 INFO       Closing System.
26-10-2023 15:19:33 INFO       Initializing System...
26-10-2023 15:21:35 INFO       Initializing System...
26-10-2023 15:21:37 INFO       Closing System.
26-10-2023 15:21:55 INFO       Initializing System...
26-10-2023 15:22:00 CRITICAL   Closing System due to unexpected error.<module 'menus.team_management_menu' has no attribute 'TeamsManagementMenu'>
26-10-2023 15:23:30 INFO       Initializing System...
26-10-2023 15:23:40 INFO       User signed out.
26-10-2023 15:23:41 INFO       Closing System.
26-10-2023 16:06:11 INFO       Initializing System...
26-10-2023 16:15:59 INFO       Initializing System...
26-10-2023 16:16:06 CRITICAL   Closing System due to unexpected error.<object.__init__() takes exactly one argument (the instance to initialize)>
26-10-2023 16:17:56 INFO       Initializing System...
26-10-2023 16:18:14 INFO       User signed out.
26-10-2023 16:18:15 INFO       Closing System.
26-10-2023 16:19:54 INFO       Initializing System...
26-10-2023 16:20:41 INFO       User signed out.
26-10-2023 16:20:42 INFO       Closing System.
26-10-2023 16:21:32 INFO       Initializing System...
26-10-2023 16:21:52 CRITICAL   Closing System due to unexpected error.<'NoneType' object has no attribute 'prompt'>
26-10-2023 16:22:59 INFO       Initializing System...
26-10-2023 16:23:04 INFO       Closing System.
26-10-2023 16:24:19 INFO       Initializing System...
26-10-2023 16:24:29 INFO       Closing System.
26-10-2023 16:24:35 INFO       Initializing System...
26-10-2023 16:25:04 INFO       User signed out.
26-10-2023 16:25:05 INFO       Closing System.
26-10-2023 16:42:07 INFO       Initializing System...
26-10-2023 16:42:20 WARNING    Invalid Credentials by Tanmay.
26-10-2023 16:43:52 INFO       User signed out.
26-10-2023 16:43:53 INFO       Closing System.
26-10-2023 16:44:35 INFO       Initializing System...
26-10-2023 16:45:14 INFO       User signed out.
26-10-2023 16:45:16 INFO       Closing System.
26-10-2023 16:59:01 INFO       Initializing System...
26-10-2023 16:59:10 WARNING    Duplicate account creation attempt Tanmay.
26-10-2023 16:59:19 INFO       Closing System.
26-10-2023 16:59:22 INFO       Initializing System...
26-10-2023 16:59:49 INFO       Initializing System...
26-10-2023 17:00:03 ERROR      
26-10-2023 17:00:14 INFO       User signed out.
26-10-2023 17:00:15 INFO       Closing System.
26-10-2023 17:00:18 INFO       Initializing System...
26-10-2023 17:00:23 WARNING    Invalid Credentials by Someone.
26-10-2023 17:00:34 WARNING    Invalid Credentials by Someone.
26-10-2023 17:00:36 INFO       Closing System.
26-10-2023 17:09:47 INFO       Initializing System...
26-10-2023 17:09:51 WARNING    Invalid Credentials by Tanmay.
26-10-2023 17:10:44 INFO       User signed out.
26-10-2023 17:10:46 INFO       Closing System.
26-10-2023 21:17:54 INFO       Initializing System...
26-10-2023 21:18:05 INFO       Closing System.
26-10-2023 21:19:31 INFO       Initializing System...
26-10-2023 21:19:35 WARNING    Invalid Credentials by asd.
26-10-2023 21:19:55 INFO       Closing System.
26-10-2023 21:20:10 INFO       Initializing System...
26-10-2023 21:20:12 INFO       Closing System.
26-10-2023 21:20:30 INFO       Initializing System...
26-10-2023 21:20:38 WARNING    Invalid Credentials by Someone.
26-10-2023 21:33:13 INFO       Initializing System...
26-10-2023 21:33:26 CRITICAL   Closing System due to unexpected error.<TeamsController.add_member() missing 1 required positional argument: 'team'>
26-10-2023 21:33:59 INFO       Initializing System...
26-10-2023 21:34:02 WARNING    Invalid Credentials by Someone.
26-10-2023 21:34:18 CRITICAL   Closing System due to unexpected error.<'NoneType' object has no attribute 'prompt'>
26-10-2023 21:35:12 INFO       Initializing System...
26-10-2023 21:36:38 INFO       User signed out.
26-10-2023 21:36:39 INFO       Closing System.
26-10-2023 21:48:46 INFO       Initializing System...
26-10-2023 21:49:22 INFO       Initializing System...
26-10-2023 21:49:44 INFO       Initializing System...
26-10-2023 21:49:53 CRITICAL   Closing System due to unexpected error.<Incorrect number of bindings supplied. The current statement uses 1, and there are 0 supplied.>
26-10-2023 21:50:22 INFO       Initializing System...
26-10-2023 21:52:39 INFO       Initializing System...
26-10-2023 21:57:28 INFO       Initializing System...
26-10-2023 21:57:31 WARNING    Invalid Credentials by Someone.
26-10-2023 21:57:59 INFO       User signed out.
26-10-2023 21:58:00 INFO       Closing System.
26-10-2023 22:01:51 INFO       Initializing System...
26-10-2023 22:01:54 WARNING    Invalid Credentials by Someone.
26-10-2023 22:02:04 INFO       Closing System.
26-10-2023 22:08:49 INFO       Initializing System...
26-10-2023 22:10:08 INFO       Initializing System...
26-10-2023 22:10:13 WARNING    Invalid Credentials by Tanmay.
26-10-2023 22:18:22 INFO       Initializing System...
26-10-2023 22:19:08 INFO       User signed out.
26-10-2023 22:19:09 INFO       Closing System.
26-10-2023 22:19:12 INFO       Initializing System...
26-10-2023 22:19:16 WARNING    Invalid Credentials by Tanmay.
26-10-2023 22:19:36 INFO       User signed out.
26-10-2023 22:19:37 INFO       Closing System.
26-10-2023 22:24:43 INFO       Initializing System...
26-10-2023 22:25:21 INFO       User signed out.
26-10-2023 22:25:22 INFO       Closing System.
26-10-2023 22:26:24 INFO       Initializing System...
26-10-2023 22:27:10 INFO       User signed out.
26-10-2023 22:27:11 INFO       Closing System.
26-10-2023 22:31:07 INFO       Initializing System...
26-10-2023 22:31:46 INFO       User signed out.
26-10-2023 22:31:48 INFO       Closing System.
26-10-2023 22:33:16 INFO       Initializing System...
26-10-2023 22:35:08 CRITICAL   Closing System due to unexpected error.<no such table: teams_members>
26-10-2023 22:35:41 INFO       Initializing System...
26-10-2023 22:37:46 INFO       User signed out.
26-10-2023 22:37:48 INFO       Closing System.
26-10-2023 22:39:47 INFO       Initializing System...
26-10-2023 22:40:02 ERROR      list index out of range
26-10-2023 22:40:45 INFO       User signed out.
26-10-2023 22:40:46 INFO       Closing System.
26-10-2023 22:42:19 INFO       Initializing System...
26-10-2023 22:42:46 INFO       User signed out.
26-10-2023 22:42:48 INFO       Closing System.
26-10-2023 22:44:37 INFO       Initializing System...
26-10-2023 22:46:26 INFO       Initializing System...
26-10-2023 22:46:55 ERROR      'bytes' object has no attribute 'password_id'
26-10-2023 22:46:55 CRITICAL   Closing System due to unexpected error.<'bytes' object has no attribute 'password_id'>
26-10-2023 22:49:39 INFO       Initializing System...
26-10-2023 22:49:56 ERROR      'bytes' object has no attribute 'password_id'
26-10-2023 22:50:58 INFO       Initializing System...
26-10-2023 22:51:31 INFO       User signed out.
26-10-2023 22:51:32 INFO       Closing System.
27-10-2023 09:01:53 INFO       Initializing System...
27-10-2023 09:03:52 ERROR      
27-10-2023 09:04:04 INFO       User signed out.
27-10-2023 09:04:10 INFO       Closing System.
27-10-2023 09:04:34 INFO       Initializing System...
27-10-2023 09:04:46 WARNING    Invalid Credentials by Adminb.
27-10-2023 09:05:04 INFO       User signed out.
27-10-2023 09:05:05 INFO       Closing System.
27-10-2023 09:28:01 INFO       Initializing System...
27-10-2023 09:29:37 INFO       User signed out.
27-10-2023 09:29:39 INFO       Closing System.
27-10-2023 09:30:01 INFO       Initializing System...
27-10-2023 09:30:34 INFO       Closing System.
27-10-2023 09:31:27 INFO       Initializing System...
27-10-2023 09:31:56 INFO       Initializing System...
27-10-2023 09:33:14 INFO       Initializing System...
27-10-2023 09:46:51 INFO       Initializing System...
27-10-2023 09:49:16 WARNING    Invalid Credentials by admin.
27-10-2023 09:52:57 INFO       User signed out.
27-10-2023 09:52:58 INFO       Closing System.
27-10-2023 10:25:24 INFO       Initializing System...
27-10-2023 10:26:15 INFO       User signed out.
27-10-2023 10:26:16 INFO       Closing System.
27-10-2023 10:35:03 INFO       Initializing System...
27-10-2023 10:35:50 INFO       Initializing System...
27-10-2023 10:36:21 WARNING    Invalid Credentials by tan.
27-10-2023 10:36:23 INFO       Closing System.
27-10-2023 10:37:24 INFO       Initializing System...
27-10-2023 10:37:47 INFO       User signed out.
27-10-2023 10:37:49 INFO       Closing System.
27-10-2023 11:31:56 INFO       Initializing System...
27-10-2023 11:32:02 WARNING    Invalid Credentials by Tanmay.
27-10-2023 11:32:35 INFO       User signed out.
27-10-2023 11:32:36 INFO       Closing System.
27-10-2023 13:23:15 INFO       Initializing System...
27-10-2023 13:24:21 WARNING    Invalid Credentials by test.
27-10-2023 13:24:26 WARNING    Invalid Credentials by admin.
27-10-2023 13:25:13 WARNING    Invalid Credentials by Admin.
27-10-2023 13:25:21 WARNING    Invalid Credentials by Testing.
27-10-2023 13:25:24 INFO       Closing System.
27-10-2023 13:25:48 INFO       Initializing System...
27-10-2023 13:27:23 INFO       Initializing System...
27-10-2023 13:28:21 ERROR      
27-10-2023 13:29:21 INFO       Initializing System...
27-10-2023 13:30:47 INFO       Initializing System...
27-10-2023 13:35:30 INFO       Initializing System...
27-10-2023 13:38:29 INFO       Initializing System...
27-10-2023 13:39:45 INFO       Initializing System...
27-10-2023 13:40:43 INFO       Initializing System...
27-10-2023 13:40:53 ERROR      'list' object is not callable
27-10-2023 13:41:10 INFO       Initializing System...
27-10-2023 13:41:20 CRITICAL   Closing System due to unexpected error.<Error binding parameter 2: type 'User' is not supported>
27-10-2023 13:41:52 INFO       Initializing System...
27-10-2023 13:42:23 INFO       User signed out.
27-10-2023 13:42:24 INFO       Closing System.
27-10-2023 13:43:10 INFO       Initializing System...
27-10-2023 13:44:23 INFO       User signed out.
27-10-2023 13:44:25 INFO       Closing System.
27-10-2023 13:56:45 INFO       Initializing System...
27-10-2023 13:56:53 WARNING    Duplicate account creation attempt admin.
27-10-2023 15:49:54 INFO       Initializing System...
27-10-2023 15:50:53 INFO       User signed out.
27-10-2023 15:50:54 INFO       Closing System.
27-10-2023 15:51:31 INFO       Initializing System...
27-10-2023 15:51:42 WARNING    Invalid Credentials by admin.
27-10-2023 15:52:36 ERROR      
27-10-2023 15:52:44 INFO       User signed out.
27-10-2023 15:52:53 WARNING    Invalid Credentials by Tanmay.
27-10-2023 15:54:40 INFO       User signed out.
27-10-2023 15:54:41 INFO       Closing System.
27-10-2023 16:24:29 INFO       Initializing System...
27-10-2023 16:27:59 ERROR      list index out of range
27-10-2023 16:28:08 ERROR      list index out of range
27-10-2023 16:28:18 ERROR      list index out of range
27-10-2023 16:30:50 ERROR      list index out of range
27-10-2023 16:30:55 INFO       User signed out.
27-10-2023 16:30:56 INFO       Closing System.
27-10-2023 16:31:35 INFO       Initializing System...
27-10-2023 16:31:53 INFO       User signed out.
27-10-2023 16:32:20 INFO       User signed out.
27-10-2023 16:32:49 INFO       User signed out.
27-10-2023 16:32:52 INFO       Closing System.
27-10-2023 16:44:40 INFO       Initializing System...
27-10-2023 16:45:23 INFO       User signed out.
27-10-2023 16:45:25 INFO       Closing System.
27-10-2023 16:56:37 INFO       Initializing System...
27-10-2023 16:57:01 INFO       Closing System.
27-10-2023 22:09:00 INFO       Initializing System...
27-10-2023 22:09:04 WARNING    Invalid Credentials by asd.
27-10-2023 22:09:08 WARNING    Invalid Credentials by admin.
27-10-2023 22:09:09 INFO       Closing System.
30-10-2023 09:33:11 INFO       Initializing System...
30-10-2023 09:33:14 INFO       Closing System.
30-10-2023 09:33:45 INFO       Initializing System...
30-10-2023 09:34:28 ERROR      argument should be a bytes-like object or ASCII string, not 'NoneType'
30-10-2023 09:34:28 CRITICAL   Closing System due to unexpected error.<argument should be a bytes-like object or ASCII string, not 'NoneType'>
30-10-2023 09:35:10 INFO       Initializing System...
30-10-2023 09:35:27 ERROR      argument should be a bytes-like object or ASCII string, not 'NoneType'
30-10-2023 09:39:02 INFO       Initializing System...
30-10-2023 09:45:53 INFO       User signed out.
30-10-2023 09:45:54 INFO       Closing System.
30-10-2023 09:51:20 INFO       Initializing System...
30-10-2023 09:57:30 INFO       Initializing System...
30-10-2023 09:59:35 ERROR      list index out of range
30-10-2023 10:00:41 INFO       User signed out.
30-10-2023 10:00:42 INFO       Closing System.
30-10-2023 10:01:01 INFO       Initializing System...
30-10-2023 10:01:11 ERROR      
30-10-2023 10:01:15 ERROR      
30-10-2023 10:01:21 ERROR      
30-10-2023 10:02:13 INFO       User signed out.
30-10-2023 10:02:37 ERROR      list index out of range
30-10-2023 10:02:41 ERROR      list index out of range
30-10-2023 10:03:23 INFO       Initializing System...
30-10-2023 10:04:46 INFO       User signed out.
30-10-2023 10:04:47 INFO       Closing System.
30-10-2023 10:06:32 INFO       Initializing System...
30-10-2023 10:08:43 ERROR      
30-10-2023 10:08:45 ERROR      
30-10-2023 10:08:48 ERROR      
30-10-2023 10:08:52 ERROR      
30-10-2023 10:09:03 INFO       User signed out.
30-10-2023 10:09:05 INFO       Closing System.
30-10-2023 10:09:08 INFO       Initializing System...
30-10-2023 10:13:49 INFO       User signed out.
30-10-2023 10:14:02 INFO       User signed out.
30-10-2023 10:14:29 INFO       User signed out.
30-10-2023 10:14:40 INFO       User signed out.
30-10-2023 10:14:45 INFO       Closing System.
30-10-2023 12:17:57 INFO       Initializing System...
30-10-2023 12:18:44 INFO       Closing System.
30-10-2023 13:18:27 INFO       Initializing System...
30-10-2023 13:18:30 INFO       Closing System.
30-10-2023 13:19:07 INFO       Initializing System...
30-10-2023 13:19:19 CRITICAL   Closing System due to unexpected error.<SQLDatabase.get() takes 2 positional arguments but 3 were given>
30-10-2023 13:20:32 INFO       Initializing System...
30-10-2023 13:20:38 CRITICAL   Closing System due to unexpected error.<list index out of range>
30-10-2023 13:21:12 INFO       Initializing System...
30-10-2023 13:21:18 WARNING    Invalid Credentials by tanmay.
30-10-2023 13:23:00 ERROR      list index out of range
30-10-2023 13:23:16 INFO       User signed out.
30-10-2023 13:23:31 WARNING    Invalid Credentials by vinny.
30-10-2023 13:24:23 ERROR      
30-10-2023 13:25:24 CRITICAL   Closing System due to unexpected error.<SQLDatabase.add() missing 1 required positional argument: 'params'>
30-10-2023 13:26:48 INFO       Initializing System...
30-10-2023 13:27:15 INFO       User signed out.
30-10-2023 13:27:17 INFO       Closing System.
30-10-2023 13:27:20 INFO       Initializing System...
30-10-2023 13:27:36 INFO       User signed out.
30-10-2023 13:27:37 INFO       Closing System.
31-10-2023 10:53:04 INFO       Initializing System...
31-10-2023 10:53:11 INFO       Closing System.
31-10-2023 10:53:20 INFO       Initializing System...
31-10-2023 10:59:22 INFO       Closing System.
31-10-2023 10:59:26 INFO       Initializing System...
31-10-2023 11:01:10 ERROR      argument should be a bytes-like object or ASCII string, not 'NoneType'
31-10-2023 11:01:10 CRITICAL   Closing System due to unexpected error.<argument should be a bytes-like object or ASCII string, not 'NoneType'>
31-10-2023 11:27:17 INFO       Initializing System...
31-10-2023 11:38:10 ERROR      
31-10-2023 11:38:29 INFO       User signed out.
31-10-2023 11:42:31 INFO       User signed out.
31-10-2023 11:43:11 ERROR      
31-10-2023 11:43:16 INFO       User signed out.
31-10-2023 11:43:36 ERROR      
31-10-2023 11:43:48 INFO       User signed out.
31-10-2023 11:44:10 INFO       User signed out.
31-10-2023 11:45:06 INFO       User signed out.
31-10-2023 11:45:08 INFO       Closing System.
31-10-2023 11:48:01 INFO       Initializing System...
31-10-2023 11:48:39 ERROR      
31-10-2023 11:49:39 ERROR      
31-10-2023 11:49:46 ERROR      
31-10-2023 11:49:58 INFO       User signed out.
31-10-2023 11:50:02 INFO       Closing System.
31-10-2023 11:50:05 INFO       Initializing System...
31-10-2023 11:50:18 INFO       User signed out.
31-10-2023 11:50:37 ERROR      
31-10-2023 11:50:40 ERROR      
31-10-2023 11:50:44 INFO       User signed out.
31-10-2023 11:50:57 INFO       User signed out.
31-10-2023 11:51:41 INFO       User signed out.
31-10-2023 11:52:33 INFO       User signed out.
31-10-2023 11:52:35 INFO       Closing System.
31-10-2023 11:54:03 INFO       Initializing System...
31-10-2023 11:54:46 ERROR      
31-10-2023 11:54:59 INFO       User signed out.
31-10-2023 11:55:00 INFO       Closing System.
31-10-2023 12:02:15 INFO       Initializing System...
31-10-2023 12:04:35 INFO       Initializing System...
31-10-2023 12:04:52 CRITICAL   Closing System due to unexpected error.<no such table: authentication>
31-10-2023 12:05:10 INFO       Initializing System...
31-10-2023 12:05:16 WARNING    Invalid Credentials by tanmay.
31-10-2023 12:17:15 INFO       Initializing System...
31-10-2023 12:18:03 ERROR      'NoneType' object has no attribute 'team_id'
31-10-2023 12:18:03 CRITICAL   Closing System due to unexpected error.<'NoneType' object has no attribute 'team_id'>
31-10-2023 12:18:57 INFO       Initializing System...
31-10-2023 12:19:16 ERROR      no such column: NONE
31-10-2023 12:19:16 CRITICAL   Closing System due to unexpected error.<no such column: NONE>
31-10-2023 12:20:12 INFO       Initializing System...
31-10-2023 12:22:20 INFO       Initializing System...
31-10-2023 12:23:15 ERROR      
31-10-2023 12:23:18 ERROR      
31-10-2023 12:23:53 INFO       User signed out.
31-10-2023 12:25:51 WARNING    Duplicate account creation attempt vinny.
31-10-2023 13:38:39 INFO       User signed out.
31-10-2023 13:39:47 INFO       User signed out.
31-10-2023 13:39:48 INFO       Closing System.
31-10-2023 13:40:30 INFO       Initializing System...
31-10-2023 13:40:42 INFO       User signed out.
31-10-2023 13:40:42 INFO       Closing System.
31-10-2023 13:56:43 INFO       Initializing System...
31-10-2023 13:57:37 ERROR      
31-10-2023 13:58:00 INFO       User signed out.
31-10-2023 13:58:01 INFO       Closing System.
31-10-2023 14:19:48 INFO       Initializing System...
31-10-2023 14:19:50 CRITICAL   Closing System due to unexpected error.<sign_up() missing 2 required positional arguments: 'password' and 'user_role'>
31-10-2023 14:21:04 INFO       Initializing System...
31-10-2023 14:21:12 INFO       Initializing System...
31-10-2023 14:21:27 CRITICAL   Closing System due to unexpected error.<sign_in() missing 2 required positional arguments: 'username' and 'password'>
31-10-2023 14:21:55 INFO       Initializing System...
31-10-2023 14:22:02 CRITICAL   Closing System due to unexpected error.<get_passwords() got an unexpected keyword argument 'key'>
31-10-2023 14:25:06 INFO       Initializing System...
31-10-2023 14:27:12 INFO       User signed out.
31-10-2023 14:27:18 WARNING    Duplicate account creation attempt vinny.
31-10-2023 14:34:24 CRITICAL   Closing System due to unexpected error.<delete_password() takes 1 positional argument but 2 were given>
31-10-2023 14:35:33 INFO       Initializing System...
31-10-2023 14:36:11 ERROR      'list' object has no attribute 'password_id'
31-10-2023 14:36:11 CRITICAL   Closing System due to unexpected error.<'list' object has no attribute 'password_id'>
31-10-2023 14:36:22 INFO       Initializing System...
31-10-2023 14:36:45 INFO       User signed out.
31-10-2023 14:36:56 INFO       User signed out.
31-10-2023 14:36:57 INFO       Closing System.
31-10-2023 14:43:57 INFO       Initializing System...
31-10-2023 14:44:12 ERROR      Incorrect number of bindings supplied. The current statement uses 1, and there are 2 supplied.
31-10-2023 14:44:12 CRITICAL   Closing System due to unexpected error.<Incorrect number of bindings supplied. The current statement uses 1, and there are 2 supplied.>
31-10-2023 15:42:34 INFO       Initializing System...
31-10-2023 16:04:27 ERROR      Incorrect number of bindings supplied. The current statement uses 1, and there are 2 supplied.
31-10-2023 16:04:27 CRITICAL   Closing System due to unexpected error.<Incorrect number of bindings supplied. The current statement uses 1, and there are 2 supplied.>
31-10-2023 16:05:26 INFO       Initializing System...
31-10-2023 16:05:32 ERROR      'NoneType' object has no attribute 'team_id'
31-10-2023 16:05:32 CRITICAL   Closing System due to unexpected error.<'NoneType' object has no attribute 'team_id'>
31-10-2023 16:07:06 INFO       Initializing System...
31-10-2023 16:07:19 INFO       User signed out.
31-10-2023 16:08:45 ERROR      Incorrect number of bindings supplied. The current statement uses 5, and there are 2 supplied.
31-10-2023 16:08:45 CRITICAL   Closing System due to unexpected error.<Incorrect number of bindings supplied. The current statement uses 5, and there are 2 supplied.>
31-10-2023 16:11:38 INFO       Initializing System...
31-10-2023 16:11:54 ERROR      Incorrect number of bindings supplied. The current statement uses 5, and there are 1 supplied.
31-10-2023 16:11:54 CRITICAL   Closing System due to unexpected error.<Incorrect number of bindings supplied. The current statement uses 5, and there are 1 supplied.>
31-10-2023 16:14:41 INFO       Initializing System...
31-10-2023 16:14:45 DEBUG      
    SELECT * FROM authentication
    WHERE username = ?;
    
31-10-2023 16:14:45 DEBUG      
    SELECT * FROM authentication
    WHERE username = ?;
    
31-10-2023 16:14:48 DEBUG      
    SELECT passwords.*
    FROM team_members
    INNER JOIN team_passwords ON team_passwords.team_id = team_members.team_id
    INNER JOIN passwords ON team_passwords.password_id = passwords.id
    WHERE team_members.member_id = ? and passwords.password_type = 1;
    
31-10-2023 16:14:48 DEBUG      
    SELECT passwords.*
    FROM team_members
    INNER JOIN team_passwords ON team_passwords.team_id = team_members.team_id
    INNER JOIN passwords ON team_passwords.password_id = passwords.id
    WHERE team_members.member_id = ? and passwords.password_type = 1;
    
31-10-2023 16:14:55 INFO       User signed out.
31-10-2023 16:15:00 DEBUG      
    SELECT * FROM authentication
    WHERE username = ?;
    
31-10-2023 16:15:00 DEBUG      
    SELECT * FROM authentication
    WHERE username = ?;
    
31-10-2023 16:15:05 DEBUG      
    SELECT * FROM teams
    WHERE creator_id = ?;
    
31-10-2023 16:15:05 DEBUG      
    SELECT * FROM teams
    WHERE creator_id = ?;
    
31-10-2023 16:15:07 DEBUG      
    SELECT passwords.*
    FROM team_members
    INNER JOIN team_passwords ON team_passwords.team_id = team_members.team_id
    INNER JOIN passwords ON team_passwords.password_id = passwords.id
    AND (passwords.site_url LIKE ? or passwords.site_username LIKE ? or passwords.notes LIKE ?)
    WHERE member_id = ? and team_passwords.team_id = ? and passwords.password_type = 1;
    
31-10-2023 16:15:07 DEBUG      
    SELECT passwords.*
    FROM team_members
    INNER JOIN team_passwords ON team_passwords.team_id = team_members.team_id
    INNER JOIN passwords ON team_passwords.password_id = passwords.id
    AND (passwords.site_url LIKE ? or passwords.site_username LIKE ? or passwords.notes LIKE ?)
    WHERE member_id = ? and team_passwords.team_id = ? and passwords.password_type = 1;
    
31-10-2023 16:15:07 ERROR      Incorrect number of bindings supplied. The current statement uses 5, and there are 1 supplied.
31-10-2023 16:15:07 CRITICAL   Closing System due to unexpected error.<Incorrect number of bindings supplied. The current statement uses 5, and there are 1 supplied.>
31-10-2023 16:15:42 INFO       Initializing System...
31-10-2023 16:15:47 DEBUG      
    SELECT * FROM authentication
    WHERE username = ?;
    
31-10-2023 16:15:47 DEBUG      ('vinny',)
31-10-2023 16:15:50 DEBUG      
    SELECT * FROM teams
    WHERE creator_id = ?;
    
31-10-2023 16:15:50 DEBUG      (2,)
31-10-2023 16:15:52 DEBUG      
    SELECT passwords.*
    FROM team_members
    INNER JOIN team_passwords ON team_passwords.team_id = team_members.team_id
    INNER JOIN passwords ON team_passwords.password_id = passwords.id
    AND (passwords.site_url LIKE ? or passwords.site_username LIKE ? or passwords.notes LIKE ?)
    WHERE member_id = ? and team_passwords.team_id = ? and passwords.password_type = 1;
    
31-10-2023 16:15:52 DEBUG      (2,)
31-10-2023 16:15:52 ERROR      Incorrect number of bindings supplied. The current statement uses 5, and there are 1 supplied.
31-10-2023 16:15:52 CRITICAL   Closing System due to unexpected error.<Incorrect number of bindings supplied. The current statement uses 5, and there are 1 supplied.>
31-10-2023 16:16:40 INFO       Initializing System...
31-10-2023 16:16:45 DEBUG      
    SELECT * FROM authentication
    WHERE username = ?;
    
31-10-2023 16:16:45 DEBUG      ('vinny',)
31-10-2023 16:16:48 DEBUG      
    SELECT * FROM teams
    WHERE creator_id = ?;
    
31-10-2023 16:16:48 DEBUG      (2,)
31-10-2023 16:16:50 DEBUG      
    SELECT passwords.*
    FROM team_members
    INNER JOIN team_passwords ON team_passwords.team_id = team_members.team_id
    INNER JOIN passwords ON team_passwords.password_id = passwords.id
    AND (passwords.site_url LIKE ? or passwords.site_username LIKE ? or passwords.notes LIKE ?)
    WHERE member_id = ? and team_passwords.team_id = ? and passwords.password_type = 1;
    
31-10-2023 16:16:50 DEBUG      (2, 1)
31-10-2023 16:16:50 ERROR      Incorrect number of bindings supplied. The current statement uses 5, and there are 2 supplied.
31-10-2023 16:16:50 CRITICAL   Closing System due to unexpected error.<Incorrect number of bindings supplied. The current statement uses 5, and there are 2 supplied.>
31-10-2023 16:22:17 INFO       Initializing System...
31-10-2023 16:22:27 DEBUG      
    SELECT * FROM authentication
    WHERE username = ?;
    
31-10-2023 16:22:27 DEBUG      ('vinny',)
31-10-2023 16:22:31 DEBUG      
    SELECT * FROM teams
    WHERE creator_id = ?;
    
31-10-2023 16:22:31 DEBUG      (2,)
31-10-2023 16:22:33 DEBUG      
    SELECT passwords.*
    FROM team_members
    INNER JOIN team_passwords ON team_passwords.team_id = team_members.team_id
    INNER JOIN passwords ON team_passwords.password_id = passwords.id
    WHERE team_members.member_id = ? and passwords.password_type = 1;
    
31-10-2023 16:22:33 DEBUG      (2, 1)
31-10-2023 16:22:33 ERROR      Incorrect number of bindings supplied. The current statement uses 1, and there are 2 supplied.
31-10-2023 16:22:33 CRITICAL   Closing System due to unexpected error.<Incorrect number of bindings supplied. The current statement uses 1, and there are 2 supplied.>
31-10-2023 16:23:24 INFO       Initializing System...
31-10-2023 16:23:27 DEBUG      
    SELECT * FROM authentication
    WHERE username = ?;
    
31-10-2023 16:23:27 DEBUG      ('vinny',)
31-10-2023 16:23:28 WARNING    Invalid Credentials by vinny.
31-10-2023 16:23:34 DEBUG      
    SELECT * FROM authentication
    WHERE username = ?;
    
31-10-2023 16:23:34 DEBUG      ('vinny',)
31-10-2023 16:23:37 DEBUG      
    SELECT * FROM teams
    WHERE creator_id = ?;
    
31-10-2023 16:23:37 DEBUG      (2,)
31-10-2023 16:23:39 DEBUG      
    SELECT passwords.id, passwords.creator_id, passwords.password_type, passwords.site_url, passwords.site_username, passwords.encrypted_password, passwords.notes
    FROM team_members
    INNER JOIN team_passwords ON team_passwords.team_id = team_members.team_id
    INNER JOIN passwords ON team_passwords.password_id = passwords.id
    WHERE team_members.member_id = ? and team_passwords.team_id = ? and passwords.password_type = 1;
    
31-10-2023 16:23:39 DEBUG      (2, 1)
31-10-2023 16:23:43 DEBUG      
    SELECT passwords.id, passwords.creator_id, passwords.password_type, passwords.site_url, passwords.site_username, passwords.encrypted_password, passwords.notes
    FROM team_members
    INNER JOIN team_passwords ON team_passwords.team_id = team_members.team_id
    INNER JOIN passwords ON team_passwords.password_id = passwords.id
    WHERE team_members.member_id = ? and team_passwords.team_id = ? and passwords.password_type = 1;
    
31-10-2023 16:23:43 DEBUG      (2, 1)
31-10-2023 16:23:52 DEBUG      
    SELECT passwords.id, passwords.creator_id, passwords.password_type, passwords.site_url, passwords.site_username, passwords.encrypted_password, passwords.notes
    FROM team_members
    INNER JOIN team_passwords ON team_passwords.team_id = team_members.team_id
    INNER JOIN passwords ON team_passwords.password_id = passwords.id
    WHERE team_members.member_id = ? and team_passwords.team_id = ? and passwords.password_type = 1;
    
31-10-2023 16:23:52 DEBUG      (2, 1)
31-10-2023 16:24:01 DEBUG      
    SELECT passwords.id, passwords.creator_id, passwords.password_type, passwords.site_url, passwords.site_username, passwords.encrypted_password, passwords.notes
    FROM team_members
    INNER JOIN team_passwords ON team_passwords.team_id = team_members.team_id
    INNER JOIN passwords ON team_passwords.password_id = passwords.id
    WHERE team_members.member_id = ? and team_passwords.team_id = ? and passwords.password_type = 1;
    
31-10-2023 16:24:01 DEBUG      (2, 1)
31-10-2023 16:24:16 DEBUG      
    SELECT authentication.id, username, NULL, user_role, is_deleted, created_at FROM team_members
    INNER JOIN authentication ON authentication.id = team_members.member_id
    WHERE team_id = ?;
    
31-10-2023 16:24:16 DEBUG      (1,)
31-10-2023 16:24:27 DEBUG      
    SELECT passwords.*
    FROM team_members
    INNER JOIN team_passwords ON team_passwords.team_id = team_members.team_id
    INNER JOIN passwords ON team_passwords.password_id = passwords.id
    WHERE team_members.member_id = ? and passwords.password_type = 1;
    
31-10-2023 16:24:27 DEBUG      (2,)
31-10-2023 16:24:32 DEBUG      
    SELECT * FROM teams
    WHERE creator_id = ?;
    
31-10-2023 16:24:32 DEBUG      (2,)
31-10-2023 16:24:41 DEBUG      
    SELECT passwords.id, passwords.creator_id, passwords.password_type, passwords.site_url, passwords.site_username, passwords.encrypted_password, passwords.notes
    FROM team_members
    INNER JOIN team_passwords ON team_passwords.team_id = team_members.team_id
    INNER JOIN passwords ON team_passwords.password_id = passwords.id
    WHERE team_members.member_id = ? and team_passwords.team_id = ? and passwords.password_type = 1;
    
31-10-2023 16:24:41 DEBUG      (2, 1)
31-10-2023 16:24:46 DEBUG      
    SELECT authentication.id, username, NULL, user_role, is_deleted, created_at FROM team_members
    INNER JOIN authentication ON authentication.id = team_members.member_id
    WHERE team_id = ?;
    
31-10-2023 16:24:46 DEBUG      (1,)
31-10-2023 16:24:46 DEBUG      
    SELECT authentication.id, username, NULL, user_role, is_deleted, created_at FROM team_members
    INNER JOIN authentication ON authentication.id = team_members.member_id
    WHERE team_id = ?;
    
31-10-2023 16:24:46 DEBUG      (1,)
31-10-2023 16:24:46 DEBUG      
    SELECT authentication.id, username, NULL, user_role, is_deleted, created_at FROM team_members
    INNER JOIN authentication ON authentication.id = team_members.member_id
    WHERE team_id = ?;
    
31-10-2023 16:24:46 DEBUG      (1,)
31-10-2023 16:24:57 DEBUG      
    SELECT * FROM teams
    WHERE creator_id = ?;
    
31-10-2023 16:24:57 DEBUG      (2,)
31-10-2023 16:25:00 DEBUG      
    SELECT authentication.id, username, NULL, user_role, is_deleted, created_at FROM team_members
    INNER JOIN authentication ON authentication.id = team_members.member_id
    WHERE team_id = ?;
    
31-10-2023 16:25:00 DEBUG      (2,)
31-10-2023 16:25:00 DEBUG      
    SELECT authentication.id, username, NULL, user_role, is_deleted, created_at FROM team_members
    INNER JOIN authentication ON authentication.id = team_members.member_id
    WHERE team_id = ?;
    
31-10-2023 16:25:00 DEBUG      (2,)
31-10-2023 16:25:04 DEBUG      
    SELECT passwords.id, passwords.creator_id, passwords.password_type, passwords.site_url, passwords.site_username, passwords.encrypted_password, passwords.notes
    FROM team_members
    INNER JOIN team_passwords ON team_passwords.team_id = team_members.team_id
    INNER JOIN passwords ON team_passwords.password_id = passwords.id
    WHERE team_members.member_id = ? and team_passwords.team_id = ? and passwords.password_type = 1;
    
31-10-2023 16:25:04 DEBUG      (2, 2)
31-10-2023 16:25:11 DEBUG      
    SELECT * FROM passwords
    WHERE creator_id = ? AND password_type = 0;
    
31-10-2023 16:25:11 DEBUG      (2,)
31-10-2023 16:25:15 INFO       User signed out.
31-10-2023 16:25:20 DEBUG      
    SELECT * FROM authentication
    WHERE username = ?;
    
31-10-2023 16:25:20 DEBUG      ('tanmay',)
31-10-2023 16:25:25 DEBUG      
    SELECT * FROM passwords
    WHERE creator_id = ? AND password_type = 0;
    
31-10-2023 16:25:25 DEBUG      (1,)
31-10-2023 16:25:31 DEBUG      
    SELECT passwords.*
    FROM team_members
    INNER JOIN team_passwords ON team_passwords.team_id = team_members.team_id
    INNER JOIN passwords ON team_passwords.password_id = passwords.id
    WHERE team_members.member_id = ? and passwords.password_type = 1;
    
31-10-2023 16:25:31 DEBUG      (1,)
31-10-2023 16:25:34 INFO       User signed out.
31-10-2023 16:25:41 DEBUG      
    SELECT * FROM authentication
    WHERE username = ?;
    
31-10-2023 16:25:41 DEBUG      ('vinny',)
31-10-2023 16:25:46 DEBUG      
    SELECT * FROM teams
    WHERE creator_id = ?;
    
31-10-2023 16:25:46 DEBUG      (2,)
31-10-2023 16:25:48 DEBUG      
    SELECT authentication.id, username, NULL, user_role, is_deleted, created_at FROM team_members
    INNER JOIN authentication ON authentication.id = team_members.member_id
    WHERE team_id = ?;
    
31-10-2023 16:25:48 DEBUG      (1,)
31-10-2023 16:25:48 DEBUG      
    SELECT authentication.id, username, NULL, user_role, is_deleted, created_at FROM team_members
    INNER JOIN authentication ON authentication.id = team_members.member_id
    WHERE team_id = ?;
    
31-10-2023 16:25:48 DEBUG      (1,)
31-10-2023 16:25:48 DEBUG      
    SELECT authentication.id, username, NULL, user_role, is_deleted, created_at FROM team_members
    INNER JOIN authentication ON authentication.id = team_members.member_id
    WHERE team_id = ?;
    
31-10-2023 16:25:48 DEBUG      (1,)
31-10-2023 16:25:52 DEBUG      
    SELECT * FROM teams
    WHERE creator_id = ?;
    
31-10-2023 16:25:52 DEBUG      (2,)
31-10-2023 16:25:56 DEBUG      
    SELECT authentication.id, username, NULL, user_role, is_deleted, created_at FROM team_members
    INNER JOIN authentication ON authentication.id = team_members.member_id
    WHERE team_id = ?;
    
31-10-2023 16:25:56 DEBUG      (2,)
31-10-2023 16:26:02 INFO       User signed out.
31-10-2023 16:26:06 DEBUG      
    SELECT * FROM authentication
    WHERE username = ?;
    
31-10-2023 16:26:06 DEBUG      ('tanmay',)
31-10-2023 16:26:09 DEBUG      
    SELECT passwords.*
    FROM team_members
    INNER JOIN team_passwords ON team_passwords.team_id = team_members.team_id
    INNER JOIN passwords ON team_passwords.password_id = passwords.id
    WHERE team_members.member_id = ? and passwords.password_type = 1;
    
31-10-2023 16:26:09 DEBUG      (1,)
31-10-2023 16:26:15 DEBUG      
    SELECT passwords.*
    FROM team_members
    INNER JOIN team_passwords ON team_passwords.team_id = team_members.team_id
    INNER JOIN passwords ON team_passwords.password_id = passwords.id
    AND (passwords.site_url LIKE ? or passwords.site_username LIKE ? or passwords.notes LIKE ?)
    WHERE member_id = ? and passwords.password_type = 1;
    
31-10-2023 16:26:15 DEBUG      ('%server%', '%server%', '%server%', 1)
31-10-2023 16:26:21 INFO       User signed out.
31-10-2023 16:26:29 DEBUG      
    SELECT * FROM authentication
    WHERE username = ?;
    
31-10-2023 16:26:29 DEBUG      ('4',)
31-10-2023 16:26:29 WARNING    Invalid Credentials by 4.
31-10-2023 16:26:30 INFO       Closing System.
